{"total": {"lines":{"total":61,"covered":21,"skipped":0,"pct":34.42},"statements":{"total":68,"covered":24,"skipped":0,"pct":35.29},"functions":{"total":15,"covered":7,"skipped":0,"pct":46.66},"branches":{"total":41,"covered":10,"skipped":0,"pct":24.39},"branchesTrue":{"total":0,"covered":0,"skipped":0,"pct":"Unknown"}}
,"/home/wladyr/projetos/project-zoo-functions/sd-028-b-project-zoo-functions/src/getOpeningHours.js": {"lines":{"total":40,"covered":0,"skipped":0,"pct":0},"functions":{"total":8,"covered":0,"skipped":0,"pct":0},"statements":{"total":44,"covered":0,"skipped":0,"pct":0},"branches":{"total":31,"covered":0,"skipped":0,"pct":0}}
,"/home/wladyr/projetos/project-zoo-functions/sd-028-b-project-zoo-functions/src/handlerElephants.js": {"lines":{"total":21,"covered":21,"skipped":0,"pct":100},"functions":{"total":7,"covered":7,"skipped":0,"pct":100},"statements":{"total":24,"covered":24,"skipped":0,"pct":100},"branches":{"total":10,"covered":10,"skipped":0,"pct":100}}
}
